{"id":"127.0.1.1.tm160132355350900001","wasCommitted":true,"participants":[{"uri":"127.0.1.1.tm1","state":"COMMITTING","expires":1601323563443,"resourceName":"jmsConnectionFactory"}]}
{"id":"127.0.1.1.tm160132355350900001","wasCommitted":true,"participants":[{"uri":"127.0.1.1.tm1","state":"TERMINATED","expires":1601323564503,"resourceName":"jmsConnectionFactory"}]}
{"id":"127.0.1.1.tm160132355460500002","wasCommitted":true,"participants":[{"uri":"127.0.1.1.tm2","state":"COMMITTING","expires":1601323564609,"resourceName":"jmsConnectionFactory"}]}
{"id":"127.0.1.1.tm160132355460500002","wasCommitted":true,"participants":[{"uri":"127.0.1.1.tm2","state":"TERMINATED","expires":1601323565509,"resourceName":"jmsConnectionFactory"}]}
{"id":"127.0.1.1.tm160132355561000003","wasCommitted":true,"participants":[{"uri":"127.0.1.1.tm3","state":"COMMITTING","expires":1601323565614,"resourceName":"jmsConnectionFactory"}]}
{"id":"127.0.1.1.tm160132355561000003","wasCommitted":true,"participants":[{"uri":"127.0.1.1.tm3","state":"TERMINATED","expires":1601323566514,"resourceName":"jmsConnectionFactory"}]}
{"id":"127.0.1.1.tm160132355661500004","wasCommitted":true,"participants":[{"uri":"127.0.1.1.tm4","state":"COMMITTING","expires":1601323566619,"resourceName":"jmsConnectionFactory"}]}
{"id":"127.0.1.1.tm160132355661500004","wasCommitted":true,"participants":[{"uri":"127.0.1.1.tm4","state":"TERMINATED","expires":1601323567519,"resourceName":"jmsConnectionFactory"}]}
{"id":"127.0.1.1.tm160132355762000005","wasCommitted":true,"participants":[{"uri":"127.0.1.1.tm5","state":"COMMITTING","expires":1601323567623,"resourceName":"jmsConnectionFactory"}]}
{"id":"127.0.1.1.tm160132355762000005","wasCommitted":true,"participants":[{"uri":"127.0.1.1.tm5","state":"TERMINATED","expires":1601323568523,"resourceName":"jmsConnectionFactory"}]}
{"id":"127.0.1.1.tm160132355862300006","wasCommitted":true,"participants":[{"uri":"127.0.1.1.tm6","state":"COMMITTING","expires":1601323568627,"resourceName":"jmsConnectionFactory"}]}
{"id":"127.0.1.1.tm160132355862300006","wasCommitted":true,"participants":[{"uri":"127.0.1.1.tm6","state":"TERMINATED","expires":1601323569527,"resourceName":"jmsConnectionFactory"}]}
{"id":"127.0.1.1.tm160132355962800007","wasCommitted":true,"participants":[{"uri":"127.0.1.1.tm7","state":"COMMITTING","expires":1601323569632,"resourceName":"jmsConnectionFactory"}]}
{"id":"127.0.1.1.tm160132355962800007","wasCommitted":true,"participants":[{"uri":"127.0.1.1.tm7","state":"TERMINATED","expires":1601323570533,"resourceName":"jmsConnectionFactory"}]}
{"id":"127.0.1.1.tm160132356040800008","wasCommitted":true,"participants":[{"uri":"127.0.1.1.tm8","state":"COMMITTING","expires":1601323570556,"resourceName":"dataSource"},{"uri":"127.0.1.1.tm9","state":"COMMITTING","expires":1601323570556,"resourceName":"jmsConnectionFactory"}]}
{"id":"127.0.1.1.tm160132356040800008","wasCommitted":true,"participants":[{"uri":"127.0.1.1.tm8","state":"TERMINATED","expires":1601323570562,"resourceName":"dataSource"},{"uri":"127.0.1.1.tm9","state":"TERMINATED","expires":1601323570562,"resourceName":"jmsConnectionFactory"}]}
{"id":"127.0.1.1.tm160132356063300009","wasCommitted":true,"participants":[{"uri":"127.0.1.1.tm10","state":"COMMITTING","expires":1601323570573,"resourceName":"jmsConnectionFactory"}]}
{"id":"127.0.1.1.tm160132356063300009","wasCommitted":true,"participants":[{"uri":"127.0.1.1.tm10","state":"TERMINATED","expires":1601323570574,"resourceName":"jmsConnectionFactory"}]}
{"id":"127.0.1.1.tm160132356067500010","wasCommitted":true,"participants":[{"uri":"127.0.1.1.tm11","state":"COMMITTING","expires":1601323570678,"resourceName":"jmsConnectionFactory"}]}
{"id":"127.0.1.1.tm160132356067500010","wasCommitted":true,"participants":[{"uri":"127.0.1.1.tm11","state":"TERMINATED","expires":1601323571578,"resourceName":"jmsConnectionFactory"}]}
{"id":"127.0.1.1.tm160132356167900011","wasCommitted":true,"participants":[{"uri":"127.0.1.1.tm12","state":"COMMITTING","expires":1601323571682,"resourceName":"jmsConnectionFactory"}]}
{"id":"127.0.1.1.tm160132356167900011","wasCommitted":true,"participants":[{"uri":"127.0.1.1.tm12","state":"TERMINATED","expires":1601323572583,"resourceName":"jmsConnectionFactory"}]}
{"id":"127.0.1.1.tm160132356268300012","wasCommitted":true,"participants":[{"uri":"127.0.1.1.tm13","state":"COMMITTING","expires":1601323572686,"resourceName":"jmsConnectionFactory"}]}
{"id":"127.0.1.1.tm160132356268300012","wasCommitted":true,"participants":[{"uri":"127.0.1.1.tm13","state":"TERMINATED","expires":1601323573586,"resourceName":"jmsConnectionFactory"}]}
{"id":"127.0.1.1.tm160132356368700013","wasCommitted":true,"participants":[{"uri":"127.0.1.1.tm14","state":"COMMITTING","expires":1601323573691,"resourceName":"jmsConnectionFactory"}]}
{"id":"127.0.1.1.tm160132356368700013","wasCommitted":true,"participants":[{"uri":"127.0.1.1.tm14","state":"TERMINATED","expires":1601323574592,"resourceName":"jmsConnectionFactory"}]}
{"id":"127.0.1.1.tm160132356469200014","wasCommitted":true,"participants":[{"uri":"127.0.1.1.tm15","state":"COMMITTING","expires":1601323574695,"resourceName":"jmsConnectionFactory"}]}
{"id":"127.0.1.1.tm160132356469200014","wasCommitted":true,"participants":[{"uri":"127.0.1.1.tm15","state":"TERMINATED","expires":1601323575596,"resourceName":"jmsConnectionFactory"}]}
{"id":"127.0.1.1.tm160132356569600015","wasCommitted":true,"participants":[{"uri":"127.0.1.1.tm16","state":"COMMITTING","expires":1601323575699,"resourceName":"jmsConnectionFactory"}]}
{"id":"127.0.1.1.tm160132356569600015","wasCommitted":true,"participants":[{"uri":"127.0.1.1.tm16","state":"TERMINATED","expires":1601323576600,"resourceName":"jmsConnectionFactory"}]}
{"id":"127.0.1.1.tm160132356670000016","wasCommitted":true,"participants":[{"uri":"127.0.1.1.tm17","state":"COMMITTING","expires":1601323576703,"resourceName":"jmsConnectionFactory"}]}
{"id":"127.0.1.1.tm160132356670000016","wasCommitted":true,"participants":[{"uri":"127.0.1.1.tm17","state":"TERMINATED","expires":1601323577603,"resourceName":"jmsConnectionFactory"}]}
{"id":"127.0.1.1.tm160132356770300017","wasCommitted":true,"participants":[{"uri":"127.0.1.1.tm18","state":"COMMITTING","expires":1601323577712,"resourceName":"jmsConnectionFactory"}]}
{"id":"127.0.1.1.tm160132356770300017","wasCommitted":true,"participants":[{"uri":"127.0.1.1.tm18","state":"TERMINATED","expires":1601323578612,"resourceName":"jmsConnectionFactory"}]}
{"id":"127.0.1.1.tm160132356871300018","wasCommitted":true,"participants":[{"uri":"127.0.1.1.tm19","state":"COMMITTING","expires":1601323578716,"resourceName":"jmsConnectionFactory"}]}
{"id":"127.0.1.1.tm160132356871300018","wasCommitted":true,"participants":[{"uri":"127.0.1.1.tm19","state":"TERMINATED","expires":1601323579617,"resourceName":"jmsConnectionFactory"}]}
{"id":"127.0.1.1.tm160132356971700019","wasCommitted":true,"participants":[{"uri":"127.0.1.1.tm20","state":"COMMITTING","expires":1601323579721,"resourceName":"jmsConnectionFactory"}]}
{"id":"127.0.1.1.tm160132356971700019","wasCommitted":true,"participants":[{"uri":"127.0.1.1.tm20","state":"TERMINATED","expires":1601323580621,"resourceName":"jmsConnectionFactory"}]}
{"id":"127.0.1.1.tm160132357072200020","wasCommitted":true,"participants":[{"uri":"127.0.1.1.tm21","state":"COMMITTING","expires":1601323580726,"resourceName":"jmsConnectionFactory"}]}
{"id":"127.0.1.1.tm160132357072200020","wasCommitted":true,"participants":[{"uri":"127.0.1.1.tm21","state":"TERMINATED","expires":1601323581627,"resourceName":"jmsConnectionFactory"}]}
{"id":"127.0.1.1.tm160132357172700021","wasCommitted":true,"participants":[{"uri":"127.0.1.1.tm22","state":"COMMITTING","expires":1601323581731,"resourceName":"jmsConnectionFactory"}]}
{"id":"127.0.1.1.tm160132357172700021","wasCommitted":true,"participants":[{"uri":"127.0.1.1.tm22","state":"TERMINATED","expires":1601323582632,"resourceName":"jmsConnectionFactory"}]}
{"id":"127.0.1.1.tm160132357273200022","wasCommitted":true,"participants":[{"uri":"127.0.1.1.tm23","state":"COMMITTING","expires":1601323582736,"resourceName":"jmsConnectionFactory"}]}
{"id":"127.0.1.1.tm160132357273200022","wasCommitted":true,"participants":[{"uri":"127.0.1.1.tm23","state":"TERMINATED","expires":1601323583637,"resourceName":"jmsConnectionFactory"}]}
{"id":"127.0.1.1.tm160132357373700023","wasCommitted":true,"participants":[{"uri":"127.0.1.1.tm24","state":"COMMITTING","expires":1601323583741,"resourceName":"jmsConnectionFactory"}]}
{"id":"127.0.1.1.tm160132357373700023","wasCommitted":true,"participants":[{"uri":"127.0.1.1.tm24","state":"TERMINATED","expires":1601323584642,"resourceName":"jmsConnectionFactory"}]}
{"id":"127.0.1.1.tm160132357474200024","wasCommitted":true,"participants":[{"uri":"127.0.1.1.tm25","state":"COMMITTING","expires":1601323584745,"resourceName":"jmsConnectionFactory"}]}
{"id":"127.0.1.1.tm160132357474200024","wasCommitted":true,"participants":[{"uri":"127.0.1.1.tm25","state":"TERMINATED","expires":1601323585646,"resourceName":"jmsConnectionFactory"}]}
{"id":"127.0.1.1.tm160132357574600025","wasCommitted":true,"participants":[{"uri":"127.0.1.1.tm26","state":"COMMITTING","expires":1601323585750,"resourceName":"jmsConnectionFactory"}]}
{"id":"127.0.1.1.tm160132357574600025","wasCommitted":true,"participants":[{"uri":"127.0.1.1.tm26","state":"TERMINATED","expires":1601323586650,"resourceName":"jmsConnectionFactory"}]}
{"id":"127.0.1.1.tm160132357675100026","wasCommitted":true,"participants":[{"uri":"127.0.1.1.tm27","state":"COMMITTING","expires":1601323586754,"resourceName":"jmsConnectionFactory"}]}
{"id":"127.0.1.1.tm160132357675100026","wasCommitted":true,"participants":[{"uri":"127.0.1.1.tm27","state":"TERMINATED","expires":1601323587654,"resourceName":"jmsConnectionFactory"}]}
{"id":"127.0.1.1.tm160132357775400027","wasCommitted":true,"participants":[{"uri":"127.0.1.1.tm28","state":"COMMITTING","expires":1601323587757,"resourceName":"jmsConnectionFactory"}]}
{"id":"127.0.1.1.tm160132357775400027","wasCommitted":true,"participants":[{"uri":"127.0.1.1.tm28","state":"TERMINATED","expires":1601323588658,"resourceName":"jmsConnectionFactory"}]}
{"id":"127.0.1.1.tm160132357875800028","wasCommitted":true,"participants":[{"uri":"127.0.1.1.tm29","state":"COMMITTING","expires":1601323588761,"resourceName":"jmsConnectionFactory"}]}
{"id":"127.0.1.1.tm160132357875800028","wasCommitted":true,"participants":[{"uri":"127.0.1.1.tm29","state":"TERMINATED","expires":1601323589662,"resourceName":"jmsConnectionFactory"}]}
{"id":"127.0.1.1.tm160132357976200029","wasCommitted":true,"participants":[{"uri":"127.0.1.1.tm30","state":"COMMITTING","expires":1601323589765,"resourceName":"jmsConnectionFactory"}]}
{"id":"127.0.1.1.tm160132357976200029","wasCommitted":true,"participants":[{"uri":"127.0.1.1.tm30","state":"TERMINATED","expires":1601323590665,"resourceName":"jmsConnectionFactory"}]}
{"id":"127.0.1.1.tm160132358076500030","wasCommitted":true,"participants":[{"uri":"127.0.1.1.tm31","state":"COMMITTING","expires":1601323590768,"resourceName":"jmsConnectionFactory"}]}
{"id":"127.0.1.1.tm160132358076500030","wasCommitted":true,"participants":[{"uri":"127.0.1.1.tm31","state":"TERMINATED","expires":1601323591669,"resourceName":"jmsConnectionFactory"}]}
{"id":"127.0.1.1.tm160132358177000031","wasCommitted":true,"participants":[{"uri":"127.0.1.1.tm32","state":"COMMITTING","expires":1601323591773,"resourceName":"jmsConnectionFactory"}]}
{"id":"127.0.1.1.tm160132358177000031","wasCommitted":true,"participants":[{"uri":"127.0.1.1.tm32","state":"TERMINATED","expires":1601323592674,"resourceName":"jmsConnectionFactory"}]}
{"id":"127.0.1.1.tm160132358277400032","wasCommitted":true,"participants":[{"uri":"127.0.1.1.tm33","state":"COMMITTING","expires":1601323592778,"resourceName":"jmsConnectionFactory"}]}
{"id":"127.0.1.1.tm160132358277400032","wasCommitted":true,"participants":[{"uri":"127.0.1.1.tm33","state":"TERMINATED","expires":1601323593678,"resourceName":"jmsConnectionFactory"}]}
{"id":"127.0.1.1.tm160132358377900033","wasCommitted":true,"participants":[{"uri":"127.0.1.1.tm34","state":"COMMITTING","expires":1601323593782,"resourceName":"jmsConnectionFactory"}]}
{"id":"127.0.1.1.tm160132358377900033","wasCommitted":true,"participants":[{"uri":"127.0.1.1.tm34","state":"TERMINATED","expires":1601323594682,"resourceName":"jmsConnectionFactory"}]}
{"id":"127.0.1.1.tm160132358478300034","wasCommitted":true,"participants":[{"uri":"127.0.1.1.tm35","state":"COMMITTING","expires":1601323594786,"resourceName":"jmsConnectionFactory"}]}
{"id":"127.0.1.1.tm160132358478300034","wasCommitted":true,"participants":[{"uri":"127.0.1.1.tm35","state":"TERMINATED","expires":1601323595686,"resourceName":"jmsConnectionFactory"}]}
{"id":"127.0.1.1.tm160132358578700035","wasCommitted":true,"participants":[{"uri":"127.0.1.1.tm36","state":"COMMITTING","expires":1601323595790,"resourceName":"jmsConnectionFactory"}]}
{"id":"127.0.1.1.tm160132358578700035","wasCommitted":true,"participants":[{"uri":"127.0.1.1.tm36","state":"TERMINATED","expires":1601323596690,"resourceName":"jmsConnectionFactory"}]}
{"id":"127.0.1.1.tm160132358679100036","wasCommitted":true,"participants":[{"uri":"127.0.1.1.tm37","state":"COMMITTING","expires":1601323596793,"resourceName":"jmsConnectionFactory"}]}
{"id":"127.0.1.1.tm160132358679100036","wasCommitted":true,"participants":[{"uri":"127.0.1.1.tm37","state":"TERMINATED","expires":1601323597693,"resourceName":"jmsConnectionFactory"}]}
{"id":"127.0.1.1.tm160132358779400037","wasCommitted":true,"participants":[{"uri":"127.0.1.1.tm38","state":"COMMITTING","expires":1601323597796,"resourceName":"jmsConnectionFactory"}]}
{"id":"127.0.1.1.tm160132358779400037","wasCommitted":true,"participants":[{"uri":"127.0.1.1.tm38","state":"TERMINATED","expires":1601323598697,"resourceName":"jmsConnectionFactory"}]}
{"id":"127.0.1.1.tm160132358879700038","wasCommitted":true,"participants":[{"uri":"127.0.1.1.tm39","state":"COMMITTING","expires":1601323598800,"resourceName":"jmsConnectionFactory"}]}
{"id":"127.0.1.1.tm160132358879700038","wasCommitted":true,"participants":[{"uri":"127.0.1.1.tm39","state":"TERMINATED","expires":1601323599700,"resourceName":"jmsConnectionFactory"}]}
{"id":"127.0.1.1.tm160132358980100039","wasCommitted":true,"participants":[{"uri":"127.0.1.1.tm40","state":"COMMITTING","expires":1601323599804,"resourceName":"jmsConnectionFactory"}]}
{"id":"127.0.1.1.tm160132358980100039","wasCommitted":true,"participants":[{"uri":"127.0.1.1.tm40","state":"TERMINATED","expires":1601323600705,"resourceName":"jmsConnectionFactory"}]}
{"id":"127.0.1.1.tm160132359080500040","wasCommitted":true,"participants":[{"uri":"127.0.1.1.tm41","state":"COMMITTING","expires":1601323600809,"resourceName":"jmsConnectionFactory"}]}
{"id":"127.0.1.1.tm160132359080500040","wasCommitted":true,"participants":[{"uri":"127.0.1.1.tm41","state":"TERMINATED","expires":1601323601709,"resourceName":"jmsConnectionFactory"}]}
{"id":"127.0.1.1.tm160132359181000041","wasCommitted":true,"participants":[{"uri":"127.0.1.1.tm42","state":"COMMITTING","expires":1601323601813,"resourceName":"jmsConnectionFactory"}]}
{"id":"127.0.1.1.tm160132359181000041","wasCommitted":true,"participants":[{"uri":"127.0.1.1.tm42","state":"TERMINATED","expires":1601323602714,"resourceName":"jmsConnectionFactory"}]}
{"id":"127.0.1.1.tm160132359281400042","wasCommitted":true,"participants":[{"uri":"127.0.1.1.tm43","state":"COMMITTING","expires":1601323602818,"resourceName":"jmsConnectionFactory"}]}
{"id":"127.0.1.1.tm160132359281400042","wasCommitted":true,"participants":[{"uri":"127.0.1.1.tm43","state":"TERMINATED","expires":1601323603719,"resourceName":"jmsConnectionFactory"}]}
{"id":"127.0.1.1.tm160132359381900043","wasCommitted":true,"participants":[{"uri":"127.0.1.1.tm44","state":"COMMITTING","expires":1601323603822,"resourceName":"jmsConnectionFactory"}]}
{"id":"127.0.1.1.tm160132359381900043","wasCommitted":true,"participants":[{"uri":"127.0.1.1.tm44","state":"TERMINATED","expires":1601323604723,"resourceName":"jmsConnectionFactory"}]}
{"id":"127.0.1.1.tm160132359482300044","wasCommitted":true,"participants":[{"uri":"127.0.1.1.tm45","state":"COMMITTING","expires":1601323604826,"resourceName":"jmsConnectionFactory"}]}
{"id":"127.0.1.1.tm160132359482300044","wasCommitted":true,"participants":[{"uri":"127.0.1.1.tm45","state":"TERMINATED","expires":1601323605726,"resourceName":"jmsConnectionFactory"}]}
{"id":"127.0.1.1.tm160132359582700045","wasCommitted":true,"participants":[{"uri":"127.0.1.1.tm46","state":"COMMITTING","expires":1601323605829,"resourceName":"jmsConnectionFactory"}]}
{"id":"127.0.1.1.tm160132359582700045","wasCommitted":true,"participants":[{"uri":"127.0.1.1.tm46","state":"TERMINATED","expires":1601323606730,"resourceName":"jmsConnectionFactory"}]}
{"id":"127.0.1.1.tm160132359683000046","wasCommitted":true,"participants":[{"uri":"127.0.1.1.tm47","state":"COMMITTING","expires":1601323606833,"resourceName":"jmsConnectionFactory"}]}
{"id":"127.0.1.1.tm160132359683000046","wasCommitted":true,"participants":[{"uri":"127.0.1.1.tm47","state":"TERMINATED","expires":1601323607733,"resourceName":"jmsConnectionFactory"}]}
{"id":"127.0.1.1.tm160132359783300047","wasCommitted":true,"participants":[{"uri":"127.0.1.1.tm48","state":"COMMITTING","expires":1601323607836,"resourceName":"jmsConnectionFactory"}]}
{"id":"127.0.1.1.tm160132359783300047","wasCommitted":true,"participants":[{"uri":"127.0.1.1.tm48","state":"TERMINATED","expires":1601323608736,"resourceName":"jmsConnectionFactory"}]}
{"id":"127.0.1.1.tm160132359883600048","wasCommitted":true,"participants":[{"uri":"127.0.1.1.tm49","state":"COMMITTING","expires":1601323608841,"resourceName":"jmsConnectionFactory"}]}
{"id":"127.0.1.1.tm160132359883600048","wasCommitted":true,"participants":[{"uri":"127.0.1.1.tm49","state":"TERMINATED","expires":1601323609741,"resourceName":"jmsConnectionFactory"}]}
{"id":"127.0.1.1.tm160132359984100049","wasCommitted":true,"participants":[{"uri":"127.0.1.1.tm50","state":"COMMITTING","expires":1601323609844,"resourceName":"jmsConnectionFactory"}]}
{"id":"127.0.1.1.tm160132359984100049","wasCommitted":true,"participants":[{"uri":"127.0.1.1.tm50","state":"TERMINATED","expires":1601323610745,"resourceName":"jmsConnectionFactory"}]}
{"id":"127.0.1.1.tm160132360084500050","wasCommitted":true,"participants":[{"uri":"127.0.1.1.tm51","state":"COMMITTING","expires":1601323610847,"resourceName":"jmsConnectionFactory"}]}
{"id":"127.0.1.1.tm160132360084500050","wasCommitted":true,"participants":[{"uri":"127.0.1.1.tm51","state":"TERMINATED","expires":1601323611747,"resourceName":"jmsConnectionFactory"}]}
{"id":"127.0.1.1.tm160132360184800051","wasCommitted":true,"participants":[{"uri":"127.0.1.1.tm52","state":"COMMITTING","expires":1601323611849,"resourceName":"jmsConnectionFactory"}]}
{"id":"127.0.1.1.tm160132360184800051","wasCommitted":true,"participants":[{"uri":"127.0.1.1.tm52","state":"TERMINATED","expires":1601323612750,"resourceName":"jmsConnectionFactory"}]}
{"id":"127.0.1.1.tm160132360285000052","wasCommitted":true,"participants":[{"uri":"127.0.1.1.tm53","state":"COMMITTING","expires":1601323612852,"resourceName":"jmsConnectionFactory"}]}
{"id":"127.0.1.1.tm160132360285000052","wasCommitted":true,"participants":[{"uri":"127.0.1.1.tm53","state":"TERMINATED","expires":1601323613752,"resourceName":"jmsConnectionFactory"}]}
{"id":"127.0.1.1.tm160132360385200053","wasCommitted":true,"participants":[{"uri":"127.0.1.1.tm54","state":"COMMITTING","expires":1601323613853,"resourceName":"jmsConnectionFactory"}]}
{"id":"127.0.1.1.tm160132360385200053","wasCommitted":true,"participants":[{"uri":"127.0.1.1.tm54","state":"TERMINATED","expires":1601323614754,"resourceName":"jmsConnectionFactory"}]}
{"id":"127.0.1.1.tm160132360485400054","wasCommitted":true,"participants":[{"uri":"127.0.1.1.tm55","state":"COMMITTING","expires":1601323614856,"resourceName":"jmsConnectionFactory"}]}
{"id":"127.0.1.1.tm160132360485400054","wasCommitted":true,"participants":[{"uri":"127.0.1.1.tm55","state":"TERMINATED","expires":1601323615756,"resourceName":"jmsConnectionFactory"}]}
{"id":"127.0.1.1.tm160132360585600055","wasCommitted":true,"participants":[{"uri":"127.0.1.1.tm56","state":"COMMITTING","expires":1601323615858,"resourceName":"jmsConnectionFactory"}]}
{"id":"127.0.1.1.tm160132360585600055","wasCommitted":true,"participants":[{"uri":"127.0.1.1.tm56","state":"TERMINATED","expires":1601323616758,"resourceName":"jmsConnectionFactory"}]}
{"id":"127.0.1.1.tm160132360685800056","wasCommitted":true,"participants":[{"uri":"127.0.1.1.tm57","state":"COMMITTING","expires":1601323616861,"resourceName":"jmsConnectionFactory"}]}
{"id":"127.0.1.1.tm160132360685800056","wasCommitted":true,"participants":[{"uri":"127.0.1.1.tm57","state":"TERMINATED","expires":1601323617761,"resourceName":"jmsConnectionFactory"}]}
{"id":"127.0.1.1.tm160132360786200057","wasCommitted":true,"participants":[{"uri":"127.0.1.1.tm58","state":"COMMITTING","expires":1601323617864,"resourceName":"jmsConnectionFactory"}]}
{"id":"127.0.1.1.tm160132360786200057","wasCommitted":true,"participants":[{"uri":"127.0.1.1.tm58","state":"TERMINATED","expires":1601323618764,"resourceName":"jmsConnectionFactory"}]}
{"id":"127.0.1.1.tm160132360886500058","wasCommitted":true,"participants":[{"uri":"127.0.1.1.tm59","state":"COMMITTING","expires":1601323618867,"resourceName":"jmsConnectionFactory"}]}
{"id":"127.0.1.1.tm160132360886500058","wasCommitted":true,"participants":[{"uri":"127.0.1.1.tm59","state":"TERMINATED","expires":1601323619768,"resourceName":"jmsConnectionFactory"}]}
{"id":"127.0.1.1.tm160132360986800059","wasCommitted":true,"participants":[{"uri":"127.0.1.1.tm60","state":"COMMITTING","expires":1601323619871,"resourceName":"jmsConnectionFactory"}]}
{"id":"127.0.1.1.tm160132360986800059","wasCommitted":true,"participants":[{"uri":"127.0.1.1.tm60","state":"TERMINATED","expires":1601323620772,"resourceName":"jmsConnectionFactory"}]}
{"id":"127.0.1.1.tm160132361087200060","wasCommitted":true,"participants":[{"uri":"127.0.1.1.tm61","state":"COMMITTING","expires":1601323620874,"resourceName":"jmsConnectionFactory"}]}
{"id":"127.0.1.1.tm160132361087200060","wasCommitted":true,"participants":[{"uri":"127.0.1.1.tm61","state":"TERMINATED","expires":1601323621775,"resourceName":"jmsConnectionFactory"}]}
{"id":"127.0.1.1.tm160132361187500061","wasCommitted":true,"participants":[{"uri":"127.0.1.1.tm62","state":"COMMITTING","expires":1601323621878,"resourceName":"jmsConnectionFactory"}]}
{"id":"127.0.1.1.tm160132361187500061","wasCommitted":true,"participants":[{"uri":"127.0.1.1.tm62","state":"TERMINATED","expires":1601323622778,"resourceName":"jmsConnectionFactory"}]}
{"id":"127.0.1.1.tm160132361287800062","wasCommitted":true,"participants":[{"uri":"127.0.1.1.tm63","state":"COMMITTING","expires":1601323622880,"resourceName":"jmsConnectionFactory"}]}
{"id":"127.0.1.1.tm160132361287800062","wasCommitted":true,"participants":[{"uri":"127.0.1.1.tm63","state":"TERMINATED","expires":1601323623781,"resourceName":"jmsConnectionFactory"}]}
{"id":"127.0.1.1.tm160132361388100063","wasCommitted":true,"participants":[{"uri":"127.0.1.1.tm64","state":"COMMITTING","expires":1601323623883,"resourceName":"jmsConnectionFactory"}]}
{"id":"127.0.1.1.tm160132361388100063","wasCommitted":true,"participants":[{"uri":"127.0.1.1.tm64","state":"TERMINATED","expires":1601323624784,"resourceName":"jmsConnectionFactory"}]}
{"id":"127.0.1.1.tm160132361488400064","wasCommitted":true,"participants":[{"uri":"127.0.1.1.tm65","state":"COMMITTING","expires":1601323624888,"resourceName":"jmsConnectionFactory"}]}
{"id":"127.0.1.1.tm160132361488400064","wasCommitted":true,"participants":[{"uri":"127.0.1.1.tm65","state":"TERMINATED","expires":1601323625788,"resourceName":"jmsConnectionFactory"}]}
{"id":"127.0.1.1.tm160132361588800065","wasCommitted":true,"participants":[{"uri":"127.0.1.1.tm66","state":"COMMITTING","expires":1601323625890,"resourceName":"jmsConnectionFactory"}]}
{"id":"127.0.1.1.tm160132361588800065","wasCommitted":true,"participants":[{"uri":"127.0.1.1.tm66","state":"TERMINATED","expires":1601323626790,"resourceName":"jmsConnectionFactory"}]}
{"id":"127.0.1.1.tm160132361689000066","wasCommitted":true,"participants":[{"uri":"127.0.1.1.tm67","state":"COMMITTING","expires":1601323626892,"resourceName":"jmsConnectionFactory"}]}
{"id":"127.0.1.1.tm160132361689000066","wasCommitted":true,"participants":[{"uri":"127.0.1.1.tm67","state":"TERMINATED","expires":1601323627793,"resourceName":"jmsConnectionFactory"}]}
{"id":"127.0.1.1.tm160132361789300067","wasCommitted":true,"participants":[{"uri":"127.0.1.1.tm68","state":"COMMITTING","expires":1601323627894,"resourceName":"jmsConnectionFactory"}]}
{"id":"127.0.1.1.tm160132361789300067","wasCommitted":true,"participants":[{"uri":"127.0.1.1.tm68","state":"TERMINATED","expires":1601323628795,"resourceName":"jmsConnectionFactory"}]}
{"id":"127.0.1.1.tm160132361889500068","wasCommitted":true,"participants":[{"uri":"127.0.1.1.tm69","state":"COMMITTING","expires":1601323628896,"resourceName":"jmsConnectionFactory"}]}
{"id":"127.0.1.1.tm160132361889500068","wasCommitted":true,"participants":[{"uri":"127.0.1.1.tm69","state":"TERMINATED","expires":1601323629797,"resourceName":"jmsConnectionFactory"}]}
{"id":"127.0.1.1.tm160132361989700069","wasCommitted":true,"participants":[{"uri":"127.0.1.1.tm70","state":"COMMITTING","expires":1601323629899,"resourceName":"jmsConnectionFactory"}]}
{"id":"127.0.1.1.tm160132361989700069","wasCommitted":true,"participants":[{"uri":"127.0.1.1.tm70","state":"TERMINATED","expires":1601323630799,"resourceName":"jmsConnectionFactory"}]}
{"id":"127.0.1.1.tm160132362089900070","wasCommitted":true,"participants":[{"uri":"127.0.1.1.tm71","state":"COMMITTING","expires":1601323630901,"resourceName":"jmsConnectionFactory"}]}
{"id":"127.0.1.1.tm160132362089900070","wasCommitted":true,"participants":[{"uri":"127.0.1.1.tm71","state":"TERMINATED","expires":1601323631801,"resourceName":"jmsConnectionFactory"}]}
{"id":"127.0.1.1.tm160132362190100071","wasCommitted":true,"participants":[{"uri":"127.0.1.1.tm72","state":"COMMITTING","expires":1601323631904,"resourceName":"jmsConnectionFactory"}]}
{"id":"127.0.1.1.tm160132362190100071","wasCommitted":true,"participants":[{"uri":"127.0.1.1.tm72","state":"TERMINATED","expires":1601323632804,"resourceName":"jmsConnectionFactory"}]}
{"id":"127.0.1.1.tm160132362290400072","wasCommitted":true,"participants":[{"uri":"127.0.1.1.tm73","state":"COMMITTING","expires":1601323632906,"resourceName":"jmsConnectionFactory"}]}
{"id":"127.0.1.1.tm160132362290400072","wasCommitted":true,"participants":[{"uri":"127.0.1.1.tm73","state":"TERMINATED","expires":1601323633806,"resourceName":"jmsConnectionFactory"}]}
{"id":"127.0.1.1.tm160132362390600073","wasCommitted":true,"participants":[{"uri":"127.0.1.1.tm74","state":"COMMITTING","expires":1601323633910,"resourceName":"jmsConnectionFactory"}]}
{"id":"127.0.1.1.tm160132362390600073","wasCommitted":true,"participants":[{"uri":"127.0.1.1.tm74","state":"TERMINATED","expires":1601323634811,"resourceName":"jmsConnectionFactory"}]}
{"id":"127.0.1.1.tm160132362491100074","wasCommitted":true,"participants":[{"uri":"127.0.1.1.tm75","state":"COMMITTING","expires":1601323634913,"resourceName":"jmsConnectionFactory"}]}
{"id":"127.0.1.1.tm160132362491100074","wasCommitted":true,"participants":[{"uri":"127.0.1.1.tm75","state":"TERMINATED","expires":1601323635814,"resourceName":"jmsConnectionFactory"}]}
{"id":"127.0.1.1.tm160132362591400075","wasCommitted":true,"participants":[{"uri":"127.0.1.1.tm76","state":"COMMITTING","expires":1601323635916,"resourceName":"jmsConnectionFactory"}]}
{"id":"127.0.1.1.tm160132362591400075","wasCommitted":true,"participants":[{"uri":"127.0.1.1.tm76","state":"TERMINATED","expires":1601323636817,"resourceName":"jmsConnectionFactory"}]}
{"id":"127.0.1.1.tm160132362691700076","wasCommitted":true,"participants":[{"uri":"127.0.1.1.tm77","state":"COMMITTING","expires":1601323636919,"resourceName":"jmsConnectionFactory"}]}
{"id":"127.0.1.1.tm160132362691700076","wasCommitted":true,"participants":[{"uri":"127.0.1.1.tm77","state":"TERMINATED","expires":1601323637819,"resourceName":"jmsConnectionFactory"}]}
{"id":"127.0.1.1.tm160132362792000077","wasCommitted":true,"participants":[{"uri":"127.0.1.1.tm78","state":"COMMITTING","expires":1601323637922,"resourceName":"jmsConnectionFactory"}]}
{"id":"127.0.1.1.tm160132362792000077","wasCommitted":true,"participants":[{"uri":"127.0.1.1.tm78","state":"TERMINATED","expires":1601323638822,"resourceName":"jmsConnectionFactory"}]}
{"id":"127.0.1.1.tm160132362892200078","wasCommitted":true,"participants":[{"uri":"127.0.1.1.tm79","state":"COMMITTING","expires":1601323638925,"resourceName":"jmsConnectionFactory"}]}
{"id":"127.0.1.1.tm160132362892200078","wasCommitted":true,"participants":[{"uri":"127.0.1.1.tm79","state":"TERMINATED","expires":1601323639825,"resourceName":"jmsConnectionFactory"}]}
{"id":"127.0.1.1.tm160132362992500079","wasCommitted":true,"participants":[{"uri":"127.0.1.1.tm80","state":"COMMITTING","expires":1601323639928,"resourceName":"jmsConnectionFactory"}]}
{"id":"127.0.1.1.tm160132362992500079","wasCommitted":true,"participants":[{"uri":"127.0.1.1.tm80","state":"TERMINATED","expires":1601323640828,"resourceName":"jmsConnectionFactory"}]}
{"id":"127.0.1.1.tm160132363092800080","wasCommitted":true,"participants":[{"uri":"127.0.1.1.tm81","state":"COMMITTING","expires":1601323640930,"resourceName":"jmsConnectionFactory"}]}
{"id":"127.0.1.1.tm160132363092800080","wasCommitted":true,"participants":[{"uri":"127.0.1.1.tm81","state":"TERMINATED","expires":1601323641831,"resourceName":"jmsConnectionFactory"}]}
{"id":"127.0.1.1.tm160132363193100081","wasCommitted":true,"participants":[{"uri":"127.0.1.1.tm82","state":"COMMITTING","expires":1601323641933,"resourceName":"jmsConnectionFactory"}]}
{"id":"127.0.1.1.tm160132363193100081","wasCommitted":true,"participants":[{"uri":"127.0.1.1.tm82","state":"TERMINATED","expires":1601323642833,"resourceName":"jmsConnectionFactory"}]}
{"id":"127.0.1.1.tm160132363293300082","wasCommitted":true,"participants":[{"uri":"127.0.1.1.tm83","state":"COMMITTING","expires":1601323642935,"resourceName":"jmsConnectionFactory"}]}
{"id":"127.0.1.1.tm160132363293300082","wasCommitted":true,"participants":[{"uri":"127.0.1.1.tm83","state":"TERMINATED","expires":1601323643835,"resourceName":"jmsConnectionFactory"}]}
{"id":"127.0.1.1.tm160132363393500083","wasCommitted":true,"participants":[{"uri":"127.0.1.1.tm84","state":"COMMITTING","expires":1601323643937,"resourceName":"jmsConnectionFactory"}]}
{"id":"127.0.1.1.tm160132363393500083","wasCommitted":true,"participants":[{"uri":"127.0.1.1.tm84","state":"TERMINATED","expires":1601323644838,"resourceName":"jmsConnectionFactory"}]}
{"id":"127.0.1.1.tm160132363493800084","wasCommitted":true,"participants":[{"uri":"127.0.1.1.tm85","state":"COMMITTING","expires":1601323644941,"resourceName":"jmsConnectionFactory"}]}
{"id":"127.0.1.1.tm160132363493800084","wasCommitted":true,"participants":[{"uri":"127.0.1.1.tm85","state":"TERMINATED","expires":1601323645841,"resourceName":"jmsConnectionFactory"}]}
{"id":"127.0.1.1.tm160132363594200085","wasCommitted":true,"participants":[{"uri":"127.0.1.1.tm86","state":"COMMITTING","expires":1601323645944,"resourceName":"jmsConnectionFactory"}]}
{"id":"127.0.1.1.tm160132363594200085","wasCommitted":true,"participants":[{"uri":"127.0.1.1.tm86","state":"TERMINATED","expires":1601323646845,"resourceName":"jmsConnectionFactory"}]}
{"id":"127.0.1.1.tm160132363694500086","wasCommitted":true,"participants":[{"uri":"127.0.1.1.tm87","state":"COMMITTING","expires":1601323646949,"resourceName":"jmsConnectionFactory"}]}
{"id":"127.0.1.1.tm160132363694500086","wasCommitted":true,"participants":[{"uri":"127.0.1.1.tm87","state":"TERMINATED","expires":1601323647849,"resourceName":"jmsConnectionFactory"}]}
{"id":"127.0.1.1.tm160132363794900087","wasCommitted":true,"participants":[{"uri":"127.0.1.1.tm88","state":"COMMITTING","expires":1601323647953,"resourceName":"jmsConnectionFactory"}]}
{"id":"127.0.1.1.tm160132363794900087","wasCommitted":true,"participants":[{"uri":"127.0.1.1.tm88","state":"TERMINATED","expires":1601323648853,"resourceName":"jmsConnectionFactory"}]}
{"id":"127.0.1.1.tm160132363895400088","wasCommitted":true,"participants":[{"uri":"127.0.1.1.tm89","state":"COMMITTING","expires":1601323648956,"resourceName":"jmsConnectionFactory"}]}
{"id":"127.0.1.1.tm160132363895400088","wasCommitted":true,"participants":[{"uri":"127.0.1.1.tm89","state":"TERMINATED","expires":1601323649856,"resourceName":"jmsConnectionFactory"}]}
{"id":"127.0.1.1.tm160132363995600089","wasCommitted":true,"participants":[{"uri":"127.0.1.1.tm90","state":"COMMITTING","expires":1601323649958,"resourceName":"jmsConnectionFactory"}]}
{"id":"127.0.1.1.tm160132363995600089","wasCommitted":true,"participants":[{"uri":"127.0.1.1.tm90","state":"TERMINATED","expires":1601323650859,"resourceName":"jmsConnectionFactory"}]}
{"id":"127.0.1.1.tm160132364095900090","wasCommitted":true,"participants":[{"uri":"127.0.1.1.tm91","state":"COMMITTING","expires":1601323650961,"resourceName":"jmsConnectionFactory"}]}
{"id":"127.0.1.1.tm160132364095900090","wasCommitted":true,"participants":[{"uri":"127.0.1.1.tm91","state":"TERMINATED","expires":1601323651862,"resourceName":"jmsConnectionFactory"}]}
{"id":"127.0.1.1.tm160132364196200091","wasCommitted":true,"participants":[{"uri":"127.0.1.1.tm92","state":"COMMITTING","expires":1601323651963,"resourceName":"jmsConnectionFactory"}]}
{"id":"127.0.1.1.tm160132364196200091","wasCommitted":true,"participants":[{"uri":"127.0.1.1.tm92","state":"TERMINATED","expires":1601323652864,"resourceName":"jmsConnectionFactory"}]}
{"id":"127.0.1.1.tm160132364296400092","wasCommitted":true,"participants":[{"uri":"127.0.1.1.tm93","state":"COMMITTING","expires":1601323652965,"resourceName":"jmsConnectionFactory"}]}
{"id":"127.0.1.1.tm160132364296400092","wasCommitted":true,"participants":[{"uri":"127.0.1.1.tm93","state":"TERMINATED","expires":1601323653865,"resourceName":"jmsConnectionFactory"}]}
{"id":"127.0.1.1.tm160132364396600093","wasCommitted":true,"participants":[{"uri":"127.0.1.1.tm94","state":"COMMITTING","expires":1601323653967,"resourceName":"jmsConnectionFactory"}]}
{"id":"127.0.1.1.tm160132364396600093","wasCommitted":true,"participants":[{"uri":"127.0.1.1.tm94","state":"TERMINATED","expires":1601323654868,"resourceName":"jmsConnectionFactory"}]}
{"id":"127.0.1.1.tm160132364496800094","wasCommitted":true,"participants":[{"uri":"127.0.1.1.tm95","state":"COMMITTING","expires":1601323654970,"resourceName":"jmsConnectionFactory"}]}
{"id":"127.0.1.1.tm160132364496800094","wasCommitted":true,"participants":[{"uri":"127.0.1.1.tm95","state":"TERMINATED","expires":1601323655871,"resourceName":"jmsConnectionFactory"}]}
{"id":"127.0.1.1.tm160132364597100095","wasCommitted":true,"participants":[{"uri":"127.0.1.1.tm96","state":"COMMITTING","expires":1601323655974,"resourceName":"jmsConnectionFactory"}]}
{"id":"127.0.1.1.tm160132364597100095","wasCommitted":true,"participants":[{"uri":"127.0.1.1.tm96","state":"TERMINATED","expires":1601323656874,"resourceName":"jmsConnectionFactory"}]}
{"id":"127.0.1.1.tm160132364697400096","wasCommitted":true,"participants":[{"uri":"127.0.1.1.tm97","state":"COMMITTING","expires":1601323656977,"resourceName":"jmsConnectionFactory"}]}
{"id":"127.0.1.1.tm160132364697400096","wasCommitted":true,"participants":[{"uri":"127.0.1.1.tm97","state":"TERMINATED","expires":1601323657877,"resourceName":"jmsConnectionFactory"}]}
{"id":"127.0.1.1.tm160132364797700097","wasCommitted":true,"participants":[{"uri":"127.0.1.1.tm98","state":"COMMITTING","expires":1601323657979,"resourceName":"jmsConnectionFactory"}]}
{"id":"127.0.1.1.tm160132364797700097","wasCommitted":true,"participants":[{"uri":"127.0.1.1.tm98","state":"TERMINATED","expires":1601323658880,"resourceName":"jmsConnectionFactory"}]}
{"id":"127.0.1.1.tm160132364898000098","wasCommitted":true,"participants":[{"uri":"127.0.1.1.tm99","state":"COMMITTING","expires":1601323658981,"resourceName":"jmsConnectionFactory"}]}
{"id":"127.0.1.1.tm160132364898000098","wasCommitted":true,"participants":[{"uri":"127.0.1.1.tm99","state":"TERMINATED","expires":1601323659882,"resourceName":"jmsConnectionFactory"}]}
{"id":"127.0.1.1.tm160132364998200099","wasCommitted":true,"participants":[{"uri":"127.0.1.1.tm100","state":"COMMITTING","expires":1601323659985,"resourceName":"jmsConnectionFactory"}]}
{"id":"127.0.1.1.tm160132364998200099","wasCommitted":true,"participants":[{"uri":"127.0.1.1.tm100","state":"TERMINATED","expires":1601323660885,"resourceName":"jmsConnectionFactory"}]}
{"id":"127.0.1.1.tm160132365098500100","wasCommitted":true,"participants":[{"uri":"127.0.1.1.tm101","state":"COMMITTING","expires":1601323660988,"resourceName":"jmsConnectionFactory"}]}
{"id":"127.0.1.1.tm160132365098500100","wasCommitted":true,"participants":[{"uri":"127.0.1.1.tm101","state":"TERMINATED","expires":1601323661888,"resourceName":"jmsConnectionFactory"}]}
{"id":"127.0.1.1.tm160132365198800101","wasCommitted":true,"participants":[{"uri":"127.0.1.1.tm102","state":"COMMITTING","expires":1601323661990,"resourceName":"jmsConnectionFactory"}]}
{"id":"127.0.1.1.tm160132365198800101","wasCommitted":true,"participants":[{"uri":"127.0.1.1.tm102","state":"TERMINATED","expires":1601323662891,"resourceName":"jmsConnectionFactory"}]}
{"id":"127.0.1.1.tm160132365299100102","wasCommitted":true,"participants":[{"uri":"127.0.1.1.tm103","state":"COMMITTING","expires":1601323662994,"resourceName":"jmsConnectionFactory"}]}
{"id":"127.0.1.1.tm160132365299100102","wasCommitted":true,"participants":[{"uri":"127.0.1.1.tm103","state":"TERMINATED","expires":1601323663894,"resourceName":"jmsConnectionFactory"}]}
{"id":"127.0.1.1.tm160132365399500103","wasCommitted":true,"participants":[{"uri":"127.0.1.1.tm104","state":"COMMITTING","expires":1601323663997,"resourceName":"jmsConnectionFactory"}]}
{"id":"127.0.1.1.tm160132365399500103","wasCommitted":true,"participants":[{"uri":"127.0.1.1.tm104","state":"TERMINATED","expires":1601323664898,"resourceName":"jmsConnectionFactory"}]}
{"id":"127.0.1.1.tm160132365499800104","wasCommitted":true,"participants":[{"uri":"127.0.1.1.tm105","state":"COMMITTING","expires":1601323665001,"resourceName":"jmsConnectionFactory"}]}
{"id":"127.0.1.1.tm160132365499800104","wasCommitted":true,"participants":[{"uri":"127.0.1.1.tm105","state":"TERMINATED","expires":1601323665901,"resourceName":"jmsConnectionFactory"}]}
{"id":"127.0.1.1.tm160132365600200105","wasCommitted":true,"participants":[{"uri":"127.0.1.1.tm106","state":"COMMITTING","expires":1601323666004,"resourceName":"jmsConnectionFactory"}]}
{"id":"127.0.1.1.tm160132365600200105","wasCommitted":true,"participants":[{"uri":"127.0.1.1.tm106","state":"TERMINATED","expires":1601323666905,"resourceName":"jmsConnectionFactory"}]}
{"id":"127.0.1.1.tm160132365700500106","wasCommitted":true,"participants":[{"uri":"127.0.1.1.tm107","state":"COMMITTING","expires":1601323667007,"resourceName":"jmsConnectionFactory"}]}
{"id":"127.0.1.1.tm160132365700500106","wasCommitted":true,"participants":[{"uri":"127.0.1.1.tm107","state":"TERMINATED","expires":1601323667908,"resourceName":"jmsConnectionFactory"}]}
{"id":"127.0.1.1.tm160132365800800107","wasCommitted":true,"participants":[{"uri":"127.0.1.1.tm108","state":"COMMITTING","expires":1601323668011,"resourceName":"jmsConnectionFactory"}]}
{"id":"127.0.1.1.tm160132365800800107","wasCommitted":true,"participants":[{"uri":"127.0.1.1.tm108","state":"TERMINATED","expires":1601323668911,"resourceName":"jmsConnectionFactory"}]}
{"id":"127.0.1.1.tm160132365901100108","wasCommitted":true,"participants":[{"uri":"127.0.1.1.tm109","state":"COMMITTING","expires":1601323669014,"resourceName":"jmsConnectionFactory"}]}
{"id":"127.0.1.1.tm160132365901100108","wasCommitted":true,"participants":[{"uri":"127.0.1.1.tm109","state":"TERMINATED","expires":1601323669914,"resourceName":"jmsConnectionFactory"}]}
{"id":"127.0.1.1.tm160132366001500109","wasCommitted":true,"participants":[{"uri":"127.0.1.1.tm110","state":"COMMITTING","expires":1601323670024,"resourceName":"jmsConnectionFactory"}]}
{"id":"127.0.1.1.tm160132366001500109","wasCommitted":true,"participants":[{"uri":"127.0.1.1.tm110","state":"TERMINATED","expires":1601323670925,"resourceName":"jmsConnectionFactory"}]}
{"id":"127.0.1.1.tm160132366102500110","wasCommitted":true,"participants":[{"uri":"127.0.1.1.tm111","state":"COMMITTING","expires":1601323671027,"resourceName":"jmsConnectionFactory"}]}
{"id":"127.0.1.1.tm160132366102500110","wasCommitted":true,"participants":[{"uri":"127.0.1.1.tm111","state":"TERMINATED","expires":1601323671927,"resourceName":"jmsConnectionFactory"}]}
{"id":"127.0.1.1.tm160132366202800111","wasCommitted":true,"participants":[{"uri":"127.0.1.1.tm112","state":"COMMITTING","expires":1601323672030,"resourceName":"jmsConnectionFactory"}]}
{"id":"127.0.1.1.tm160132366202800111","wasCommitted":true,"participants":[{"uri":"127.0.1.1.tm112","state":"TERMINATED","expires":1601323672931,"resourceName":"jmsConnectionFactory"}]}
{"id":"127.0.1.1.tm160132366303100112","wasCommitted":true,"participants":[{"uri":"127.0.1.1.tm113","state":"COMMITTING","expires":1601323673034,"resourceName":"jmsConnectionFactory"}]}
{"id":"127.0.1.1.tm160132366303100112","wasCommitted":true,"participants":[{"uri":"127.0.1.1.tm113","state":"TERMINATED","expires":1601323673934,"resourceName":"jmsConnectionFactory"}]}
{"id":"127.0.1.1.tm160132366403400113","wasCommitted":true,"participants":[{"uri":"127.0.1.1.tm114","state":"COMMITTING","expires":1601323674037,"resourceName":"jmsConnectionFactory"}]}
{"id":"127.0.1.1.tm160132366403400113","wasCommitted":true,"participants":[{"uri":"127.0.1.1.tm114","state":"TERMINATED","expires":1601323674937,"resourceName":"jmsConnectionFactory"}]}
{"id":"127.0.1.1.tm160132366503700114","wasCommitted":true,"participants":[{"uri":"127.0.1.1.tm115","state":"COMMITTING","expires":1601323675040,"resourceName":"jmsConnectionFactory"}]}
{"id":"127.0.1.1.tm160132366503700114","wasCommitted":true,"participants":[{"uri":"127.0.1.1.tm115","state":"TERMINATED","expires":1601323675940,"resourceName":"jmsConnectionFactory"}]}
{"id":"127.0.1.1.tm160132366604100115","wasCommitted":true,"participants":[{"uri":"127.0.1.1.tm116","state":"COMMITTING","expires":1601323676043,"resourceName":"jmsConnectionFactory"}]}
{"id":"127.0.1.1.tm160132366604100115","wasCommitted":true,"participants":[{"uri":"127.0.1.1.tm116","state":"TERMINATED","expires":1601323676943,"resourceName":"jmsConnectionFactory"}]}
{"id":"127.0.1.1.tm160132366704300116","wasCommitted":true,"participants":[{"uri":"127.0.1.1.tm117","state":"COMMITTING","expires":1601323677045,"resourceName":"jmsConnectionFactory"}]}
{"id":"127.0.1.1.tm160132366704300116","wasCommitted":true,"participants":[{"uri":"127.0.1.1.tm117","state":"TERMINATED","expires":1601323677946,"resourceName":"jmsConnectionFactory"}]}
{"id":"127.0.1.1.tm160132366804600117","wasCommitted":true,"participants":[{"uri":"127.0.1.1.tm118","state":"COMMITTING","expires":1601323678048,"resourceName":"jmsConnectionFactory"}]}
{"id":"127.0.1.1.tm160132366804600117","wasCommitted":true,"participants":[{"uri":"127.0.1.1.tm118","state":"TERMINATED","expires":1601323678948,"resourceName":"jmsConnectionFactory"}]}
{"id":"127.0.1.1.tm160132366904800118","wasCommitted":true,"participants":[{"uri":"127.0.1.1.tm119","state":"COMMITTING","expires":1601323679051,"resourceName":"jmsConnectionFactory"}]}
{"id":"127.0.1.1.tm160132366904800118","wasCommitted":true,"participants":[{"uri":"127.0.1.1.tm119","state":"TERMINATED","expires":1601323679951,"resourceName":"jmsConnectionFactory"}]}
{"id":"127.0.1.1.tm160132367005100119","wasCommitted":true,"participants":[{"uri":"127.0.1.1.tm120","state":"COMMITTING","expires":1601323680053,"resourceName":"jmsConnectionFactory"}]}
{"id":"127.0.1.1.tm160132367005100119","wasCommitted":true,"participants":[{"uri":"127.0.1.1.tm120","state":"TERMINATED","expires":1601323680954,"resourceName":"jmsConnectionFactory"}]}
{"id":"127.0.1.1.tm160132367105400120","wasCommitted":true,"participants":[{"uri":"127.0.1.1.tm121","state":"COMMITTING","expires":1601323681057,"resourceName":"jmsConnectionFactory"}]}
{"id":"127.0.1.1.tm160132367105400120","wasCommitted":true,"participants":[{"uri":"127.0.1.1.tm121","state":"TERMINATED","expires":1601323681957,"resourceName":"jmsConnectionFactory"}]}
{"id":"127.0.1.1.tm160132367205700121","wasCommitted":true,"participants":[{"uri":"127.0.1.1.tm122","state":"COMMITTING","expires":1601323682060,"resourceName":"jmsConnectionFactory"}]}
{"id":"127.0.1.1.tm160132367205700121","wasCommitted":true,"participants":[{"uri":"127.0.1.1.tm122","state":"TERMINATED","expires":1601323682960,"resourceName":"jmsConnectionFactory"}]}
{"id":"127.0.1.1.tm160132367306000122","wasCommitted":true,"participants":[{"uri":"127.0.1.1.tm123","state":"COMMITTING","expires":1601323683063,"resourceName":"jmsConnectionFactory"}]}
{"id":"127.0.1.1.tm160132367306000122","wasCommitted":true,"participants":[{"uri":"127.0.1.1.tm123","state":"TERMINATED","expires":1601323683966,"resourceName":"jmsConnectionFactory"}]}
{"id":"127.0.1.1.tm160132367406600123","wasCommitted":true,"participants":[{"uri":"127.0.1.1.tm124","state":"COMMITTING","expires":1601323684068,"resourceName":"jmsConnectionFactory"}]}
{"id":"127.0.1.1.tm160132367406600123","wasCommitted":true,"participants":[{"uri":"127.0.1.1.tm124","state":"TERMINATED","expires":1601323684969,"resourceName":"jmsConnectionFactory"}]}
{"id":"127.0.1.1.tm160132367506900124","wasCommitted":true,"participants":[{"uri":"127.0.1.1.tm125","state":"COMMITTING","expires":1601323685071,"resourceName":"jmsConnectionFactory"}]}
{"id":"127.0.1.1.tm160132367506900124","wasCommitted":true,"participants":[{"uri":"127.0.1.1.tm125","state":"TERMINATED","expires":1601323685974,"resourceName":"jmsConnectionFactory"}]}
{"id":"127.0.1.1.tm160132367607400125","wasCommitted":true,"participants":[{"uri":"127.0.1.1.tm126","state":"COMMITTING","expires":1601323686076,"resourceName":"jmsConnectionFactory"}]}
{"id":"127.0.1.1.tm160132367607400125","wasCommitted":true,"participants":[{"uri":"127.0.1.1.tm126","state":"TERMINATED","expires":1601323686977,"resourceName":"jmsConnectionFactory"}]}
{"id":"127.0.1.1.tm160132367707700126","wasCommitted":true,"participants":[{"uri":"127.0.1.1.tm127","state":"COMMITTING","expires":1601323687080,"resourceName":"jmsConnectionFactory"}]}
{"id":"127.0.1.1.tm160132367707700126","wasCommitted":true,"participants":[{"uri":"127.0.1.1.tm127","state":"TERMINATED","expires":1601323687981,"resourceName":"jmsConnectionFactory"}]}
{"id":"127.0.1.1.tm160132367808100127","wasCommitted":true,"participants":[{"uri":"127.0.1.1.tm128","state":"COMMITTING","expires":1601323688084,"resourceName":"jmsConnectionFactory"}]}
{"id":"127.0.1.1.tm160132367808100127","wasCommitted":true,"participants":[{"uri":"127.0.1.1.tm128","state":"TERMINATED","expires":1601323688984,"resourceName":"jmsConnectionFactory"}]}
{"id":"127.0.1.1.tm160132367908500128","wasCommitted":true,"participants":[{"uri":"127.0.1.1.tm129","state":"COMMITTING","expires":1601323689087,"resourceName":"jmsConnectionFactory"}]}
{"id":"127.0.1.1.tm160132367908500128","wasCommitted":true,"participants":[{"uri":"127.0.1.1.tm129","state":"TERMINATED","expires":1601323689988,"resourceName":"jmsConnectionFactory"}]}
{"id":"127.0.1.1.tm160132368008800129","wasCommitted":true,"participants":[{"uri":"127.0.1.1.tm130","state":"COMMITTING","expires":1601323690091,"resourceName":"jmsConnectionFactory"}]}
{"id":"127.0.1.1.tm160132368008800129","wasCommitted":true,"participants":[{"uri":"127.0.1.1.tm130","state":"TERMINATED","expires":1601323690991,"resourceName":"jmsConnectionFactory"}]}
{"id":"127.0.1.1.tm160132368109200130","wasCommitted":true,"participants":[{"uri":"127.0.1.1.tm131","state":"COMMITTING","expires":1601323691094,"resourceName":"jmsConnectionFactory"}]}
{"id":"127.0.1.1.tm160132368109200130","wasCommitted":true,"participants":[{"uri":"127.0.1.1.tm131","state":"TERMINATED","expires":1601323691995,"resourceName":"jmsConnectionFactory"}]}
{"id":"127.0.1.1.tm160132368209500131","wasCommitted":true,"participants":[{"uri":"127.0.1.1.tm132","state":"COMMITTING","expires":1601323692097,"resourceName":"jmsConnectionFactory"}]}
{"id":"127.0.1.1.tm160132368209500131","wasCommitted":true,"participants":[{"uri":"127.0.1.1.tm132","state":"TERMINATED","expires":1601323692998,"resourceName":"jmsConnectionFactory"}]}
{"id":"127.0.1.1.tm160132368309800132","wasCommitted":true,"participants":[{"uri":"127.0.1.1.tm133","state":"COMMITTING","expires":1601323693101,"resourceName":"jmsConnectionFactory"}]}
{"id":"127.0.1.1.tm160132368309800132","wasCommitted":true,"participants":[{"uri":"127.0.1.1.tm133","state":"TERMINATED","expires":1601323694001,"resourceName":"jmsConnectionFactory"}]}
{"id":"127.0.1.1.tm160132368410100133","wasCommitted":true,"participants":[{"uri":"127.0.1.1.tm134","state":"COMMITTING","expires":1601323694103,"resourceName":"jmsConnectionFactory"}]}
{"id":"127.0.1.1.tm160132368410100133","wasCommitted":true,"participants":[{"uri":"127.0.1.1.tm134","state":"TERMINATED","expires":1601323695004,"resourceName":"jmsConnectionFactory"}]}
{"id":"127.0.1.1.tm160132368510400134","wasCommitted":true,"participants":[{"uri":"127.0.1.1.tm135","state":"COMMITTING","expires":1601323695106,"resourceName":"jmsConnectionFactory"}]}
{"id":"127.0.1.1.tm160132368510400134","wasCommitted":true,"participants":[{"uri":"127.0.1.1.tm135","state":"TERMINATED","expires":1601323696006,"resourceName":"jmsConnectionFactory"}]}
{"id":"127.0.1.1.tm160132368610600135","wasCommitted":true,"participants":[{"uri":"127.0.1.1.tm136","state":"COMMITTING","expires":1601323696109,"resourceName":"jmsConnectionFactory"}]}
{"id":"127.0.1.1.tm160132368610600135","wasCommitted":true,"participants":[{"uri":"127.0.1.1.tm136","state":"TERMINATED","expires":1601323697009,"resourceName":"jmsConnectionFactory"}]}
{"id":"127.0.1.1.tm160132368711000136","wasCommitted":true,"participants":[{"uri":"127.0.1.1.tm137","state":"COMMITTING","expires":1601323697112,"resourceName":"jmsConnectionFactory"}]}
{"id":"127.0.1.1.tm160132368711000136","wasCommitted":true,"participants":[{"uri":"127.0.1.1.tm137","state":"TERMINATED","expires":1601323698013,"resourceName":"jmsConnectionFactory"}]}
{"id":"127.0.1.1.tm160132368811300137","wasCommitted":true,"participants":[{"uri":"127.0.1.1.tm138","state":"COMMITTING","expires":1601323698115,"resourceName":"jmsConnectionFactory"}]}
{"id":"127.0.1.1.tm160132368811300137","wasCommitted":true,"participants":[{"uri":"127.0.1.1.tm138","state":"TERMINATED","expires":1601323699016,"resourceName":"jmsConnectionFactory"}]}
{"id":"127.0.1.1.tm160132368911600138","wasCommitted":true,"participants":[{"uri":"127.0.1.1.tm139","state":"COMMITTING","expires":1601323699119,"resourceName":"jmsConnectionFactory"}]}
{"id":"127.0.1.1.tm160132368911600138","wasCommitted":true,"participants":[{"uri":"127.0.1.1.tm139","state":"TERMINATED","expires":1601323700019,"resourceName":"jmsConnectionFactory"}]}
{"id":"127.0.1.1.tm160132369011900139","wasCommitted":true,"participants":[{"uri":"127.0.1.1.tm140","state":"COMMITTING","expires":1601323700122,"resourceName":"jmsConnectionFactory"}]}
{"id":"127.0.1.1.tm160132369011900139","wasCommitted":true,"participants":[{"uri":"127.0.1.1.tm140","state":"TERMINATED","expires":1601323701022,"resourceName":"jmsConnectionFactory"}]}
{"id":"127.0.1.1.tm160132369112200140","wasCommitted":true,"participants":[{"uri":"127.0.1.1.tm141","state":"COMMITTING","expires":1601323701125,"resourceName":"jmsConnectionFactory"}]}
{"id":"127.0.1.1.tm160132369112200140","wasCommitted":true,"participants":[{"uri":"127.0.1.1.tm141","state":"TERMINATED","expires":1601323702025,"resourceName":"jmsConnectionFactory"}]}
{"id":"127.0.1.1.tm160132369212600141","wasCommitted":true,"participants":[{"uri":"127.0.1.1.tm142","state":"COMMITTING","expires":1601323702128,"resourceName":"jmsConnectionFactory"}]}
{"id":"127.0.1.1.tm160132369212600141","wasCommitted":true,"participants":[{"uri":"127.0.1.1.tm142","state":"TERMINATED","expires":1601323703028,"resourceName":"jmsConnectionFactory"}]}
{"id":"127.0.1.1.tm160132369312900142","wasCommitted":true,"participants":[{"uri":"127.0.1.1.tm143","state":"COMMITTING","expires":1601323703131,"resourceName":"jmsConnectionFactory"}]}
{"id":"127.0.1.1.tm160132369312900142","wasCommitted":true,"participants":[{"uri":"127.0.1.1.tm143","state":"TERMINATED","expires":1601323704031,"resourceName":"jmsConnectionFactory"}]}
{"id":"127.0.1.1.tm160132369413200143","wasCommitted":true,"participants":[{"uri":"127.0.1.1.tm144","state":"COMMITTING","expires":1601323704134,"resourceName":"jmsConnectionFactory"}]}
{"id":"127.0.1.1.tm160132369413200143","wasCommitted":true,"participants":[{"uri":"127.0.1.1.tm144","state":"TERMINATED","expires":1601323705035,"resourceName":"jmsConnectionFactory"}]}
{"id":"127.0.1.1.tm160132369513500144","wasCommitted":true,"participants":[{"uri":"127.0.1.1.tm145","state":"COMMITTING","expires":1601323705137,"resourceName":"jmsConnectionFactory"}]}
{"id":"127.0.1.1.tm160132369513500144","wasCommitted":true,"participants":[{"uri":"127.0.1.1.tm145","state":"TERMINATED","expires":1601323706038,"resourceName":"jmsConnectionFactory"}]}
{"id":"127.0.1.1.tm160132369613800145","wasCommitted":true,"participants":[{"uri":"127.0.1.1.tm146","state":"COMMITTING","expires":1601323706140,"resourceName":"jmsConnectionFactory"}]}
{"id":"127.0.1.1.tm160132369613800145","wasCommitted":true,"participants":[{"uri":"127.0.1.1.tm146","state":"TERMINATED","expires":1601323707041,"resourceName":"jmsConnectionFactory"}]}
{"id":"127.0.1.1.tm160132369714100146","wasCommitted":true,"participants":[{"uri":"127.0.1.1.tm147","state":"COMMITTING","expires":1601323707144,"resourceName":"jmsConnectionFactory"}]}
{"id":"127.0.1.1.tm160132369714100146","wasCommitted":true,"participants":[{"uri":"127.0.1.1.tm147","state":"TERMINATED","expires":1601323708044,"resourceName":"jmsConnectionFactory"}]}
{"id":"127.0.1.1.tm160132369814400147","wasCommitted":true,"participants":[{"uri":"127.0.1.1.tm148","state":"COMMITTING","expires":1601323708147,"resourceName":"jmsConnectionFactory"}]}
{"id":"127.0.1.1.tm160132369814400147","wasCommitted":true,"participants":[{"uri":"127.0.1.1.tm148","state":"TERMINATED","expires":1601323709047,"resourceName":"jmsConnectionFactory"}]}
{"id":"127.0.1.1.tm160132369914700148","wasCommitted":true,"participants":[{"uri":"127.0.1.1.tm149","state":"COMMITTING","expires":1601323709150,"resourceName":"jmsConnectionFactory"}]}
{"id":"127.0.1.1.tm160132369914700148","wasCommitted":true,"participants":[{"uri":"127.0.1.1.tm149","state":"TERMINATED","expires":1601323710050,"resourceName":"jmsConnectionFactory"}]}
{"id":"127.0.1.1.tm160132370015100149","wasCommitted":true,"participants":[{"uri":"127.0.1.1.tm150","state":"COMMITTING","expires":1601323710153,"resourceName":"jmsConnectionFactory"}]}
{"id":"127.0.1.1.tm160132370015100149","wasCommitted":true,"participants":[{"uri":"127.0.1.1.tm150","state":"TERMINATED","expires":1601323711053,"resourceName":"jmsConnectionFactory"}]}
{"id":"127.0.1.1.tm160132370115400150","wasCommitted":true,"participants":[{"uri":"127.0.1.1.tm151","state":"COMMITTING","expires":1601323711156,"resourceName":"jmsConnectionFactory"}]}
{"id":"127.0.1.1.tm160132370115400150","wasCommitted":true,"participants":[{"uri":"127.0.1.1.tm151","state":"TERMINATED","expires":1601323712057,"resourceName":"jmsConnectionFactory"}]}
{"id":"127.0.1.1.tm160132370215700151","wasCommitted":true,"participants":[{"uri":"127.0.1.1.tm152","state":"COMMITTING","expires":1601323712159,"resourceName":"jmsConnectionFactory"}]}
{"id":"127.0.1.1.tm160132370215700151","wasCommitted":true,"participants":[{"uri":"127.0.1.1.tm152","state":"TERMINATED","expires":1601323713060,"resourceName":"jmsConnectionFactory"}]}
{"id":"127.0.1.1.tm160132370316000152","wasCommitted":true,"participants":[{"uri":"127.0.1.1.tm153","state":"COMMITTING","expires":1601323713163,"resourceName":"jmsConnectionFactory"}]}
{"id":"127.0.1.1.tm160132370316000152","wasCommitted":true,"participants":[{"uri":"127.0.1.1.tm153","state":"TERMINATED","expires":1601323714063,"resourceName":"jmsConnectionFactory"}]}
{"id":"127.0.1.1.tm160132370416400153","wasCommitted":true,"participants":[{"uri":"127.0.1.1.tm154","state":"COMMITTING","expires":1601323714166,"resourceName":"jmsConnectionFactory"}]}
{"id":"127.0.1.1.tm160132370416400153","wasCommitted":true,"participants":[{"uri":"127.0.1.1.tm154","state":"TERMINATED","expires":1601323715066,"resourceName":"jmsConnectionFactory"}]}
{"id":"127.0.1.1.tm160132370516700154","wasCommitted":true,"participants":[{"uri":"127.0.1.1.tm155","state":"COMMITTING","expires":1601323715169,"resourceName":"jmsConnectionFactory"}]}
{"id":"127.0.1.1.tm160132370516700154","wasCommitted":true,"participants":[{"uri":"127.0.1.1.tm155","state":"TERMINATED","expires":1601323716070,"resourceName":"jmsConnectionFactory"}]}
{"id":"127.0.1.1.tm160132370617000155","wasCommitted":true,"participants":[{"uri":"127.0.1.1.tm156","state":"COMMITTING","expires":1601323716173,"resourceName":"jmsConnectionFactory"}]}
{"id":"127.0.1.1.tm160132370617000155","wasCommitted":true,"participants":[{"uri":"127.0.1.1.tm156","state":"TERMINATED","expires":1601323717074,"resourceName":"jmsConnectionFactory"}]}
{"id":"127.0.1.1.tm160132370717400156","wasCommitted":true,"participants":[{"uri":"127.0.1.1.tm157","state":"COMMITTING","expires":1601323717178,"resourceName":"jmsConnectionFactory"}]}
{"id":"127.0.1.1.tm160132370717400156","wasCommitted":true,"participants":[{"uri":"127.0.1.1.tm157","state":"TERMINATED","expires":1601323718078,"resourceName":"jmsConnectionFactory"}]}
{"id":"127.0.1.1.tm160132370817900157","wasCommitted":true,"participants":[{"uri":"127.0.1.1.tm158","state":"COMMITTING","expires":1601323718181,"resourceName":"jmsConnectionFactory"}]}
{"id":"127.0.1.1.tm160132370817900157","wasCommitted":true,"participants":[{"uri":"127.0.1.1.tm158","state":"TERMINATED","expires":1601323719081,"resourceName":"jmsConnectionFactory"}]}
{"id":"127.0.1.1.tm160132370918100158","wasCommitted":true,"participants":[{"uri":"127.0.1.1.tm159","state":"COMMITTING","expires":1601323719183,"resourceName":"jmsConnectionFactory"}]}
{"id":"127.0.1.1.tm160132370918100158","wasCommitted":true,"participants":[{"uri":"127.0.1.1.tm159","state":"TERMINATED","expires":1601323720084,"resourceName":"jmsConnectionFactory"}]}
{"id":"127.0.1.1.tm160132371018400159","wasCommitted":true,"participants":[{"uri":"127.0.1.1.tm160","state":"COMMITTING","expires":1601323720185,"resourceName":"jmsConnectionFactory"}]}
{"id":"127.0.1.1.tm160132371018400159","wasCommitted":true,"participants":[{"uri":"127.0.1.1.tm160","state":"TERMINATED","expires":1601323721086,"resourceName":"jmsConnectionFactory"}]}
{"id":"127.0.1.1.tm160132371118600160","wasCommitted":true,"participants":[{"uri":"127.0.1.1.tm161","state":"COMMITTING","expires":1601323721188,"resourceName":"jmsConnectionFactory"}]}
{"id":"127.0.1.1.tm160132371118600160","wasCommitted":true,"participants":[{"uri":"127.0.1.1.tm161","state":"TERMINATED","expires":1601323722088,"resourceName":"jmsConnectionFactory"}]}
{"id":"127.0.1.1.tm160132371218800161","wasCommitted":true,"participants":[{"uri":"127.0.1.1.tm162","state":"COMMITTING","expires":1601323722190,"resourceName":"jmsConnectionFactory"}]}
{"id":"127.0.1.1.tm160132371218800161","wasCommitted":true,"participants":[{"uri":"127.0.1.1.tm162","state":"TERMINATED","expires":1601323723090,"resourceName":"jmsConnectionFactory"}]}
{"id":"127.0.1.1.tm160132371319000162","wasCommitted":true,"participants":[{"uri":"127.0.1.1.tm163","state":"COMMITTING","expires":1601323723192,"resourceName":"jmsConnectionFactory"}]}
{"id":"127.0.1.1.tm160132371319000162","wasCommitted":true,"participants":[{"uri":"127.0.1.1.tm163","state":"TERMINATED","expires":1601323724093,"resourceName":"jmsConnectionFactory"}]}
{"id":"127.0.1.1.tm160132371419300163","wasCommitted":true,"participants":[{"uri":"127.0.1.1.tm164","state":"COMMITTING","expires":1601323724195,"resourceName":"jmsConnectionFactory"}]}
{"id":"127.0.1.1.tm160132371419300163","wasCommitted":true,"participants":[{"uri":"127.0.1.1.tm164","state":"TERMINATED","expires":1601323725095,"resourceName":"jmsConnectionFactory"}]}
{"id":"127.0.1.1.tm160132371458900164","wasCommitted":true,"participants":[{"uri":"127.0.1.1.tm165","state":"COMMITTING","expires":1601323725103,"resourceName":"dataSource"},{"uri":"127.0.1.1.tm166","state":"COMMITTING","expires":1601323725103,"resourceName":"jmsConnectionFactory"}]}
{"id":"127.0.1.1.tm160132371458900164","wasCommitted":true,"participants":[{"uri":"127.0.1.1.tm165","state":"TERMINATED","expires":1601323725107,"resourceName":"dataSource"},{"uri":"127.0.1.1.tm166","state":"TERMINATED","expires":1601323725107,"resourceName":"jmsConnectionFactory"}]}
{"id":"127.0.1.1.tm160132371519500165","wasCommitted":true,"participants":[{"uri":"127.0.1.1.tm167","state":"COMMITTING","expires":1601323725110,"resourceName":"jmsConnectionFactory"}]}
{"id":"127.0.1.1.tm160132371519500165","wasCommitted":true,"participants":[{"uri":"127.0.1.1.tm167","state":"TERMINATED","expires":1601323725111,"resourceName":"jmsConnectionFactory"}]}
{"id":"127.0.1.1.tm160132371521100166","wasCommitted":true,"participants":[{"uri":"127.0.1.1.tm168","state":"COMMITTING","expires":1601323725213,"resourceName":"jmsConnectionFactory"}]}
{"id":"127.0.1.1.tm160132371521100166","wasCommitted":true,"participants":[{"uri":"127.0.1.1.tm168","state":"TERMINATED","expires":1601323726113,"resourceName":"jmsConnectionFactory"}]}
{"id":"127.0.1.1.tm160132371621300167","wasCommitted":true,"participants":[{"uri":"127.0.1.1.tm169","state":"COMMITTING","expires":1601323726216,"resourceName":"jmsConnectionFactory"}]}
{"id":"127.0.1.1.tm160132371621300167","wasCommitted":true,"participants":[{"uri":"127.0.1.1.tm169","state":"TERMINATED","expires":1601323727116,"resourceName":"jmsConnectionFactory"}]}
{"id":"127.0.1.1.tm160132371721600168","wasCommitted":true,"participants":[{"uri":"127.0.1.1.tm170","state":"COMMITTING","expires":1601323727219,"resourceName":"jmsConnectionFactory"}]}
{"id":"127.0.1.1.tm160132371721600168","wasCommitted":true,"participants":[{"uri":"127.0.1.1.tm170","state":"TERMINATED","expires":1601323728119,"resourceName":"jmsConnectionFactory"}]}
{"id":"127.0.1.1.tm160132371821900169","wasCommitted":true,"participants":[{"uri":"127.0.1.1.tm171","state":"COMMITTING","expires":1601323728222,"resourceName":"jmsConnectionFactory"}]}
{"id":"127.0.1.1.tm160132371821900169","wasCommitted":true,"participants":[{"uri":"127.0.1.1.tm171","state":"TERMINATED","expires":1601323729122,"resourceName":"jmsConnectionFactory"}]}
{"id":"127.0.1.1.tm160132371922200170","wasCommitted":true,"participants":[{"uri":"127.0.1.1.tm172","state":"COMMITTING","expires":1601323729225,"resourceName":"jmsConnectionFactory"}]}
{"id":"127.0.1.1.tm160132371922200170","wasCommitted":true,"participants":[{"uri":"127.0.1.1.tm172","state":"TERMINATED","expires":1601323730125,"resourceName":"jmsConnectionFactory"}]}
{"id":"127.0.1.1.tm160132372022500171","wasCommitted":true,"participants":[{"uri":"127.0.1.1.tm173","state":"COMMITTING","expires":1601323730228,"resourceName":"jmsConnectionFactory"}]}
{"id":"127.0.1.1.tm160132372022500171","wasCommitted":true,"participants":[{"uri":"127.0.1.1.tm173","state":"TERMINATED","expires":1601323731128,"resourceName":"jmsConnectionFactory"}]}
{"id":"127.0.1.1.tm160132372122900172","wasCommitted":true,"participants":[{"uri":"127.0.1.1.tm174","state":"COMMITTING","expires":1601323731232,"resourceName":"jmsConnectionFactory"}]}
{"id":"127.0.1.1.tm160132372122900172","wasCommitted":true,"participants":[{"uri":"127.0.1.1.tm174","state":"TERMINATED","expires":1601323732132,"resourceName":"jmsConnectionFactory"}]}
{"id":"127.0.1.1.tm160132372223200173","wasCommitted":true,"participants":[{"uri":"127.0.1.1.tm175","state":"COMMITTING","expires":1601323732235,"resourceName":"jmsConnectionFactory"}]}
{"id":"127.0.1.1.tm160132372223200173","wasCommitted":true,"participants":[{"uri":"127.0.1.1.tm175","state":"TERMINATED","expires":1601323733135,"resourceName":"jmsConnectionFactory"}]}
{"id":"127.0.1.1.tm160132372323500174","wasCommitted":true,"participants":[{"uri":"127.0.1.1.tm176","state":"COMMITTING","expires":1601323733238,"resourceName":"jmsConnectionFactory"}]}
{"id":"127.0.1.1.tm160132372323500174","wasCommitted":true,"participants":[{"uri":"127.0.1.1.tm176","state":"TERMINATED","expires":1601323734138,"resourceName":"jmsConnectionFactory"}]}
{"id":"127.0.1.1.tm160132372423900175","wasCommitted":true,"participants":[{"uri":"127.0.1.1.tm177","state":"COMMITTING","expires":1601323734241,"resourceName":"jmsConnectionFactory"}]}
{"id":"127.0.1.1.tm160132372423900175","wasCommitted":true,"participants":[{"uri":"127.0.1.1.tm177","state":"TERMINATED","expires":1601323735142,"resourceName":"jmsConnectionFactory"}]}
{"id":"127.0.1.1.tm160132372524200176","wasCommitted":true,"participants":[{"uri":"127.0.1.1.tm178","state":"COMMITTING","expires":1601323735243,"resourceName":"jmsConnectionFactory"}]}
{"id":"127.0.1.1.tm160132372524200176","wasCommitted":true,"participants":[{"uri":"127.0.1.1.tm178","state":"TERMINATED","expires":1601323736144,"resourceName":"jmsConnectionFactory"}]}
{"id":"127.0.1.1.tm160132372624400177","wasCommitted":true,"participants":[{"uri":"127.0.1.1.tm179","state":"COMMITTING","expires":1601323736246,"resourceName":"jmsConnectionFactory"}]}
{"id":"127.0.1.1.tm160132372624400177","wasCommitted":true,"participants":[{"uri":"127.0.1.1.tm179","state":"TERMINATED","expires":1601323737146,"resourceName":"jmsConnectionFactory"}]}
{"id":"127.0.1.1.tm160132372724600178","wasCommitted":true,"participants":[{"uri":"127.0.1.1.tm180","state":"COMMITTING","expires":1601323737248,"resourceName":"jmsConnectionFactory"}]}
{"id":"127.0.1.1.tm160132372724600178","wasCommitted":true,"participants":[{"uri":"127.0.1.1.tm180","state":"TERMINATED","expires":1601323738148,"resourceName":"jmsConnectionFactory"}]}
{"id":"127.0.1.1.tm160132372824800179","wasCommitted":true,"participants":[{"uri":"127.0.1.1.tm181","state":"COMMITTING","expires":1601323738251,"resourceName":"jmsConnectionFactory"}]}
{"id":"127.0.1.1.tm160132372824800179","wasCommitted":true,"participants":[{"uri":"127.0.1.1.tm181","state":"TERMINATED","expires":1601323739151,"resourceName":"jmsConnectionFactory"}]}
{"id":"127.0.1.1.tm160132372925100180","wasCommitted":true,"participants":[{"uri":"127.0.1.1.tm182","state":"COMMITTING","expires":1601323739254,"resourceName":"jmsConnectionFactory"}]}
{"id":"127.0.1.1.tm160132372925100180","wasCommitted":true,"participants":[{"uri":"127.0.1.1.tm182","state":"TERMINATED","expires":1601323740154,"resourceName":"jmsConnectionFactory"}]}
{"id":"127.0.1.1.tm160132373025400181","wasCommitted":true,"participants":[{"uri":"127.0.1.1.tm183","state":"COMMITTING","expires":1601323740257,"resourceName":"jmsConnectionFactory"}]}
{"id":"127.0.1.1.tm160132373025400181","wasCommitted":true,"participants":[{"uri":"127.0.1.1.tm183","state":"TERMINATED","expires":1601323741157,"resourceName":"jmsConnectionFactory"}]}
{"id":"127.0.1.1.tm160132373125700182","wasCommitted":true,"participants":[{"uri":"127.0.1.1.tm184","state":"COMMITTING","expires":1601323741259,"resourceName":"jmsConnectionFactory"}]}
{"id":"127.0.1.1.tm160132373125700182","wasCommitted":true,"participants":[{"uri":"127.0.1.1.tm184","state":"TERMINATED","expires":1601323742160,"resourceName":"jmsConnectionFactory"}]}
{"id":"127.0.1.1.tm160132373226000183","wasCommitted":true,"participants":[{"uri":"127.0.1.1.tm185","state":"COMMITTING","expires":1601323742262,"resourceName":"jmsConnectionFactory"}]}
{"id":"127.0.1.1.tm160132373226000183","wasCommitted":true,"participants":[{"uri":"127.0.1.1.tm185","state":"TERMINATED","expires":1601323743163,"resourceName":"jmsConnectionFactory"}]}
{"id":"127.0.1.1.tm160132373326300184","wasCommitted":true,"participants":[{"uri":"127.0.1.1.tm186","state":"COMMITTING","expires":1601323743265,"resourceName":"jmsConnectionFactory"}]}
{"id":"127.0.1.1.tm160132373326300184","wasCommitted":true,"participants":[{"uri":"127.0.1.1.tm186","state":"TERMINATED","expires":1601323744166,"resourceName":"jmsConnectionFactory"}]}
{"id":"127.0.1.1.tm160132373426600185","wasCommitted":true,"participants":[{"uri":"127.0.1.1.tm187","state":"COMMITTING","expires":1601323744268,"resourceName":"jmsConnectionFactory"}]}
{"id":"127.0.1.1.tm160132373426600185","wasCommitted":true,"participants":[{"uri":"127.0.1.1.tm187","state":"TERMINATED","expires":1601323745169,"resourceName":"jmsConnectionFactory"}]}
{"id":"127.0.1.1.tm160132373526900186","wasCommitted":true,"participants":[{"uri":"127.0.1.1.tm188","state":"COMMITTING","expires":1601323745271,"resourceName":"jmsConnectionFactory"}]}
{"id":"127.0.1.1.tm160132373526900186","wasCommitted":true,"participants":[{"uri":"127.0.1.1.tm188","state":"TERMINATED","expires":1601323746172,"resourceName":"jmsConnectionFactory"}]}
{"id":"127.0.1.1.tm160132373627200187","wasCommitted":true,"participants":[{"uri":"127.0.1.1.tm189","state":"COMMITTING","expires":1601323746275,"resourceName":"jmsConnectionFactory"}]}
{"id":"127.0.1.1.tm160132373627200187","wasCommitted":true,"participants":[{"uri":"127.0.1.1.tm189","state":"TERMINATED","expires":1601323747175,"resourceName":"jmsConnectionFactory"}]}
{"id":"127.0.1.1.tm160132373727500188","wasCommitted":true,"participants":[{"uri":"127.0.1.1.tm190","state":"COMMITTING","expires":1601323747278,"resourceName":"jmsConnectionFactory"}]}
{"id":"127.0.1.1.tm160132373727500188","wasCommitted":true,"participants":[{"uri":"127.0.1.1.tm190","state":"TERMINATED","expires":1601323748178,"resourceName":"jmsConnectionFactory"}]}
{"id":"127.0.1.1.tm160132373827900189","wasCommitted":true,"participants":[{"uri":"127.0.1.1.tm191","state":"COMMITTING","expires":1601323748281,"resourceName":"jmsConnectionFactory"}]}
{"id":"127.0.1.1.tm160132373827900189","wasCommitted":true,"participants":[{"uri":"127.0.1.1.tm191","state":"TERMINATED","expires":1601323749182,"resourceName":"jmsConnectionFactory"}]}
{"id":"127.0.1.1.tm160132373928200190","wasCommitted":true,"participants":[{"uri":"127.0.1.1.tm192","state":"COMMITTING","expires":1601323749285,"resourceName":"jmsConnectionFactory"}]}
{"id":"127.0.1.1.tm160132373928200190","wasCommitted":true,"participants":[{"uri":"127.0.1.1.tm192","state":"TERMINATED","expires":1601323750185,"resourceName":"jmsConnectionFactory"}]}
{"id":"127.0.1.1.tm160132374028500191","wasCommitted":true,"participants":[{"uri":"127.0.1.1.tm193","state":"COMMITTING","expires":1601323750288,"resourceName":"jmsConnectionFactory"}]}
{"id":"127.0.1.1.tm160132374028500191","wasCommitted":true,"participants":[{"uri":"127.0.1.1.tm193","state":"TERMINATED","expires":1601323751188,"resourceName":"jmsConnectionFactory"}]}
{"id":"127.0.1.1.tm160132374128800192","wasCommitted":true,"participants":[{"uri":"127.0.1.1.tm194","state":"COMMITTING","expires":1601323751291,"resourceName":"jmsConnectionFactory"}]}
{"id":"127.0.1.1.tm160132374128800192","wasCommitted":true,"participants":[{"uri":"127.0.1.1.tm194","state":"TERMINATED","expires":1601323752191,"resourceName":"jmsConnectionFactory"}]}
{"id":"127.0.1.1.tm160132374229200193","wasCommitted":true,"participants":[{"uri":"127.0.1.1.tm195","state":"COMMITTING","expires":1601323752294,"resourceName":"jmsConnectionFactory"}]}
{"id":"127.0.1.1.tm160132374229200193","wasCommitted":true,"participants":[{"uri":"127.0.1.1.tm195","state":"TERMINATED","expires":1601323753195,"resourceName":"jmsConnectionFactory"}]}
{"id":"127.0.1.1.tm160132374329500194","wasCommitted":true,"participants":[{"uri":"127.0.1.1.tm196","state":"COMMITTING","expires":1601323753297,"resourceName":"jmsConnectionFactory"}]}
{"id":"127.0.1.1.tm160132374329500194","wasCommitted":true,"participants":[{"uri":"127.0.1.1.tm196","state":"TERMINATED","expires":1601323754197,"resourceName":"jmsConnectionFactory"}]}
{"id":"127.0.1.1.tm160132374429800195","wasCommitted":true,"participants":[{"uri":"127.0.1.1.tm197","state":"COMMITTING","expires":1601323754300,"resourceName":"jmsConnectionFactory"}]}
{"id":"127.0.1.1.tm160132374429800195","wasCommitted":true,"participants":[{"uri":"127.0.1.1.tm197","state":"TERMINATED","expires":1601323755200,"resourceName":"jmsConnectionFactory"}]}
{"id":"127.0.1.1.tm160132374530100196","wasCommitted":true,"participants":[{"uri":"127.0.1.1.tm198","state":"COMMITTING","expires":1601323755303,"resourceName":"jmsConnectionFactory"}]}
{"id":"127.0.1.1.tm160132374530100196","wasCommitted":true,"participants":[{"uri":"127.0.1.1.tm198","state":"TERMINATED","expires":1601323756204,"resourceName":"jmsConnectionFactory"}]}
{"id":"127.0.1.1.tm160132374630400197","wasCommitted":true,"participants":[{"uri":"127.0.1.1.tm199","state":"COMMITTING","expires":1601323756306,"resourceName":"jmsConnectionFactory"}]}
{"id":"127.0.1.1.tm160132374630400197","wasCommitted":true,"participants":[{"uri":"127.0.1.1.tm199","state":"TERMINATED","expires":1601323757207,"resourceName":"jmsConnectionFactory"}]}
{"id":"127.0.1.1.tm160132374730700198","wasCommitted":true,"participants":[{"uri":"127.0.1.1.tm200","state":"COMMITTING","expires":1601323757309,"resourceName":"jmsConnectionFactory"}]}
{"id":"127.0.1.1.tm160132374730700198","wasCommitted":true,"participants":[{"uri":"127.0.1.1.tm200","state":"TERMINATED","expires":1601323758210,"resourceName":"jmsConnectionFactory"}]}
{"id":"127.0.1.1.tm160132374831000199","wasCommitted":true,"participants":[{"uri":"127.0.1.1.tm201","state":"COMMITTING","expires":1601323758313,"resourceName":"jmsConnectionFactory"}]}
{"id":"127.0.1.1.tm160132374831000199","wasCommitted":true,"participants":[{"uri":"127.0.1.1.tm201","state":"TERMINATED","expires":1601323759213,"resourceName":"jmsConnectionFactory"}]}
{"id":"127.0.1.1.tm160132374931300200","wasCommitted":true,"participants":[{"uri":"127.0.1.1.tm202","state":"COMMITTING","expires":1601323759316,"resourceName":"jmsConnectionFactory"}]}
{"id":"127.0.1.1.tm160132374931300200","wasCommitted":true,"participants":[{"uri":"127.0.1.1.tm202","state":"TERMINATED","expires":1601323760216,"resourceName":"jmsConnectionFactory"}]}
{"id":"127.0.1.1.tm160132375031600201","wasCommitted":true,"participants":[{"uri":"127.0.1.1.tm203","state":"COMMITTING","expires":1601323760318,"resourceName":"jmsConnectionFactory"}]}
{"id":"127.0.1.1.tm160132375031600201","wasCommitted":true,"participants":[{"uri":"127.0.1.1.tm203","state":"TERMINATED","expires":1601323761218,"resourceName":"jmsConnectionFactory"}]}
{"id":"127.0.1.1.tm160132375131900202","wasCommitted":true,"participants":[{"uri":"127.0.1.1.tm204","state":"COMMITTING","expires":1601323761320,"resourceName":"jmsConnectionFactory"}]}
{"id":"127.0.1.1.tm160132375131900202","wasCommitted":true,"participants":[{"uri":"127.0.1.1.tm204","state":"TERMINATED","expires":1601323762221,"resourceName":"jmsConnectionFactory"}]}
{"id":"127.0.1.1.tm160132375232100203","wasCommitted":true,"participants":[{"uri":"127.0.1.1.tm205","state":"COMMITTING","expires":1601323762323,"resourceName":"jmsConnectionFactory"}]}
{"id":"127.0.1.1.tm160132375232100203","wasCommitted":true,"participants":[{"uri":"127.0.1.1.tm205","state":"TERMINATED","expires":1601323763224,"resourceName":"jmsConnectionFactory"}]}
{"id":"127.0.1.1.tm160132375332400204","wasCommitted":true,"participants":[{"uri":"127.0.1.1.tm206","state":"COMMITTING","expires":1601323763326,"resourceName":"jmsConnectionFactory"}]}
{"id":"127.0.1.1.tm160132375332400204","wasCommitted":true,"participants":[{"uri":"127.0.1.1.tm206","state":"TERMINATED","expires":1601323764227,"resourceName":"jmsConnectionFactory"}]}
{"id":"127.0.1.1.tm160132375432700205","wasCommitted":true,"participants":[{"uri":"127.0.1.1.tm207","state":"COMMITTING","expires":1601323764329,"resourceName":"jmsConnectionFactory"}]}
{"id":"127.0.1.1.tm160132375432700205","wasCommitted":true,"participants":[{"uri":"127.0.1.1.tm207","state":"TERMINATED","expires":1601323765229,"resourceName":"jmsConnectionFactory"}]}
{"id":"127.0.1.1.tm160132375533000206","wasCommitted":true,"participants":[{"uri":"127.0.1.1.tm208","state":"COMMITTING","expires":1601323765332,"resourceName":"jmsConnectionFactory"}]}
{"id":"127.0.1.1.tm160132375533000206","wasCommitted":true,"participants":[{"uri":"127.0.1.1.tm208","state":"TERMINATED","expires":1601323766233,"resourceName":"jmsConnectionFactory"}]}
{"id":"127.0.1.1.tm160132375633300207","wasCommitted":true,"participants":[{"uri":"127.0.1.1.tm209","state":"COMMITTING","expires":1601323766335,"resourceName":"jmsConnectionFactory"}]}
{"id":"127.0.1.1.tm160132375633300207","wasCommitted":true,"participants":[{"uri":"127.0.1.1.tm209","state":"TERMINATED","expires":1601323767236,"resourceName":"jmsConnectionFactory"}]}
{"id":"127.0.1.1.tm160132375733600208","wasCommitted":true,"participants":[{"uri":"127.0.1.1.tm210","state":"COMMITTING","expires":1601323767338,"resourceName":"jmsConnectionFactory"}]}
{"id":"127.0.1.1.tm160132375733600208","wasCommitted":true,"participants":[{"uri":"127.0.1.1.tm210","state":"TERMINATED","expires":1601323768239,"resourceName":"jmsConnectionFactory"}]}
{"id":"127.0.1.1.tm160132375833900209","wasCommitted":true,"participants":[{"uri":"127.0.1.1.tm211","state":"COMMITTING","expires":1601323768341,"resourceName":"jmsConnectionFactory"}]}
{"id":"127.0.1.1.tm160132375833900209","wasCommitted":true,"participants":[{"uri":"127.0.1.1.tm211","state":"TERMINATED","expires":1601323769242,"resourceName":"jmsConnectionFactory"}]}
{"id":"127.0.1.1.tm160132375934200210","wasCommitted":true,"participants":[{"uri":"127.0.1.1.tm212","state":"COMMITTING","expires":1601323769344,"resourceName":"jmsConnectionFactory"}]}
{"id":"127.0.1.1.tm160132375934200210","wasCommitted":true,"participants":[{"uri":"127.0.1.1.tm212","state":"TERMINATED","expires":1601323770245,"resourceName":"jmsConnectionFactory"}]}
{"id":"127.0.1.1.tm160132376034500211","wasCommitted":true,"participants":[{"uri":"127.0.1.1.tm213","state":"COMMITTING","expires":1601323770347,"resourceName":"jmsConnectionFactory"}]}
{"id":"127.0.1.1.tm160132376034500211","wasCommitted":true,"participants":[{"uri":"127.0.1.1.tm213","state":"TERMINATED","expires":1601323771247,"resourceName":"jmsConnectionFactory"}]}
{"id":"127.0.1.1.tm160132376134700212","wasCommitted":true,"participants":[{"uri":"127.0.1.1.tm214","state":"COMMITTING","expires":1601323771349,"resourceName":"jmsConnectionFactory"}]}
{"id":"127.0.1.1.tm160132376134700212","wasCommitted":true,"participants":[{"uri":"127.0.1.1.tm214","state":"TERMINATED","expires":1601323772250,"resourceName":"jmsConnectionFactory"}]}
{"id":"127.0.1.1.tm160132376235000213","wasCommitted":true,"participants":[{"uri":"127.0.1.1.tm215","state":"COMMITTING","expires":1601323772352,"resourceName":"jmsConnectionFactory"}]}
{"id":"127.0.1.1.tm160132376235000213","wasCommitted":true,"participants":[{"uri":"127.0.1.1.tm215","state":"TERMINATED","expires":1601323773252,"resourceName":"jmsConnectionFactory"}]}
{"id":"127.0.1.1.tm160132376335300214","wasCommitted":true,"participants":[{"uri":"127.0.1.1.tm216","state":"COMMITTING","expires":1601323773355,"resourceName":"jmsConnectionFactory"}]}
{"id":"127.0.1.1.tm160132376335300214","wasCommitted":true,"participants":[{"uri":"127.0.1.1.tm216","state":"TERMINATED","expires":1601323774255,"resourceName":"jmsConnectionFactory"}]}
{"id":"127.0.1.1.tm160132376435600215","wasCommitted":false,"participants":[{"uri":"127.0.1.1.tm217","state":"TERMINATED","expires":1601323775033,"resourceName":"jmsConnectionFactory"}]}
